# Logfile created on 2014-07-09 01:05:16 -0500 by logger.rb/44203
  [1m[36mPronosticosDashboard::Models::Sale Load (0.5ms)[0m  [1mSELECT  "sales".* FROM "sales"   ORDER BY "sales"."id" ASC LIMIT 1[0m
PG::UndefinedTable: ERROR:  relation "sales" does not exist
LINE 1: SELECT  "sales".* FROM "sales"   ORDER BY "sales"."id" ASC L...
                               ^
: SELECT  "sales".* FROM "sales"   ORDER BY "sales"."id" ASC LIMIT 1
  [1m[36mPronosticosDashboard::Models::Sale Load (0.5ms)[0m  [1mSELECT  "sales".* FROM "sales"   ORDER BY "sales"."id" ASC LIMIT 1[0m
PG::UndefinedTable: ERROR:  relation "sales" does not exist
LINE 1: SELECT  "sales".* FROM "sales"   ORDER BY "sales"."id" ASC L...
                               ^
: SELECT  "sales".* FROM "sales"   ORDER BY "sales"."id" ASC LIMIT 1
  [1m[36m (0.4ms)[0m  [1mCREATE DATABASE "pronosticos_dashboard-development" ENCODING = 'utf8'[0m
PG::DuplicateDatabase: ERROR:  database "pronosticos_dashboard-development" already exists
: CREATE DATABASE "pronosticos_dashboard-development" ENCODING = 'utf8'
  [1m[36m (130.8ms)[0m  [1mDROP DATABASE IF EXISTS "pronosticos_dashboard-development"[0m
  [1m[35m (459.5ms)[0m  CREATE DATABASE "pronosticos_dashboard-development" ENCODING = 'utf8'
  [1m[36m (8.3ms)[0m  [1mCREATE TABLE "schema_migrations" ("version" character varying(255) NOT NULL) [0m
  [1m[35m (13.6ms)[0m  CREATE UNIQUE INDEX  "unique_schema_migrations" ON "schema_migrations"  ("version")
  [1m[36mActiveRecord::SchemaMigration Load (0.7ms)[0m  [1mSELECT "schema_migrations".* FROM "schema_migrations"[0m
Migrating to CreateSales (1)
  [1m[35m (0.2ms)[0m  BEGIN
  [1m[36m (9.2ms)[0m  [1mCREATE TABLE "sales" ("id" serial primary key, "agency" character varying(255), "date" date, "to_pay_subtotal" float, "payments_number" integer, "payments_amount" float, "cancelled_number" integer, "cancelled_amount" float, "commission" float, "to_pay_total" float) [0m
  [1m[35m (6.7ms)[0m  ROLLBACK
  [1m[36mActiveRecord::SchemaMigration Load (0.7ms)[0m  [1mSELECT "schema_migrations".* FROM "schema_migrations"[0m
Migrating to CreateSales (1)
  [1m[35m (0.1ms)[0m  BEGIN
  [1m[36m (3.0ms)[0m  [1mCREATE TABLE "sales" ("id" serial primary key, "agency" character varying(255), "date" date, "to_pay_subtotal" float, "payments_number" integer, "payments_amount" float, "cancelled_number" integer, "cancelled_amount" float, "commission" float, "to_pay_total" float) [0m
  [1m[35m (1.1ms)[0m  CREATE UNIQUE INDEX  "index_sales_on_agency_and_date" ON "sales"  ("agency", "date")
  [1m[36mSQL (6.5ms)[0m  [1mINSERT INTO "schema_migrations" ("version") VALUES ($1)[0m  [["version", "1"]]
  [1m[35m (5.0ms)[0m  COMMIT
Migrating to CreateGames (2)
  [1m[36m (0.4ms)[0m  [1mBEGIN[0m
  [1m[35m (0.6ms)[0m  CREATE TABLE "games" ("id" serial primary key, "sales_id" integer, "name" character varying(255), "units" integet, "total" float) 
PG::UndefinedObject: ERROR:  type "integet" does not exist
LINE 1: ..." integer, "name" character varying(255), "units" integet, "...
                                                             ^
: CREATE TABLE "games" ("id" serial primary key, "sales_id" integer, "name" character varying(255), "units" integet, "total" float) 
  [1m[36m (0.2ms)[0m  [1mROLLBACK[0m
  [1m[36mActiveRecord::SchemaMigration Load (0.4ms)[0m  [1mSELECT "schema_migrations".* FROM "schema_migrations"[0m
Migrating to CreateGames (2)
  [1m[35m (0.2ms)[0m  BEGIN
  [1m[36m (10.4ms)[0m  [1mCREATE TABLE "games" ("id" serial primary key, "sales_id" integer, "name" character varying(255), "units" integer, "total" float) [0m
  [1m[35mSQL (0.4ms)[0m  INSERT INTO "schema_migrations" ("version") VALUES ($1)  [["version", "2"]]
  [1m[36m (0.6ms)[0m  [1mCOMMIT[0m
  [1m[35mActiveRecord::SchemaMigration Load (0.3ms)[0m  SELECT "schema_migrations".* FROM "schema_migrations"
  [1m[36m (121.0ms)[0m  [1mDROP DATABASE IF EXISTS "pronosticos_dashboard-development"[0m
  [1m[35m (0.3ms)[0m  DROP DATABASE IF EXISTS "pronosticos_dashboard-development"
  [1m[36m (243.3ms)[0m  [1mCREATE DATABASE "pronosticos_dashboard-development" ENCODING = 'utf8'[0m
  [1m[35m (0.5ms)[0m  CREATE DATABASE "pronosticos_dashboard-development" ENCODING = 'utf8'
PG::DuplicateDatabase: ERROR:  database "pronosticos_dashboard-development" already exists
: CREATE DATABASE "pronosticos_dashboard-development" ENCODING = 'utf8'
  [1m[36mSQL (0.4ms)[0m  [1mCREATE EXTENSION IF NOT EXISTS "plpgsql"[0m
  [1m[35mSQL (0.2ms)[0m  CREATE EXTENSION IF NOT EXISTS "hstore"
  [1m[36m (6.3ms)[0m  [1mCREATE TABLE "games" ("id" serial primary key, "sales_id" integer, "name" character varying(255), "units" integer, "total" float) [0m
  [1m[35m (2.4ms)[0m  CREATE TABLE "sales" ("id" serial primary key, "agency" character varying(255), "date" date, "to_pay_subtotal" float, "payments_number" integer, "payments_amount" float, "cancelled_number" integer, "cancelled_amount" float, "commission" float, "to_pay_total" float) 
  [1m[36m (1.2ms)[0m  [1mCREATE UNIQUE INDEX  "index_sales_on_agency_and_date" ON "sales" USING btree ("agency", "date")[0m
  [1m[35m (0.9ms)[0m  CREATE TABLE "schema_migrations" ("version" character varying(255) NOT NULL) 
  [1m[36m (1.0ms)[0m  [1mCREATE UNIQUE INDEX  "unique_schema_migrations" ON "schema_migrations"  ("version")[0m
  [1m[35m (0.5ms)[0m  SELECT version FROM "schema_migrations"
  [1m[36m (0.8ms)[0m  [1mINSERT INTO "schema_migrations" (version) VALUES ('2')[0m
  [1m[35m (0.4ms)[0m  INSERT INTO "schema_migrations" (version) VALUES ('1')
  [1m[36mActiveRecord::SchemaMigration Load (0.2ms)[0m  [1mSELECT "schema_migrations".* FROM "schema_migrations"[0m
  [1m[36m (0.4ms)[0m  [1mCREATE DATABASE "pronosticos_dashboard-development" ENCODING = 'utf8'[0m
PG::DuplicateDatabase: ERROR:  database "pronosticos_dashboard-development" already exists
: CREATE DATABASE "pronosticos_dashboard-development" ENCODING = 'utf8'
  [1m[35m (0.4ms)[0m  CREATE DATABASE "pronosticos_dashboard-development" ENCODING = 'utf8'
PG::DuplicateDatabase: ERROR:  database "pronosticos_dashboard-development" already exists
: CREATE DATABASE "pronosticos_dashboard-development" ENCODING = 'utf8'
  [1m[36m (121.3ms)[0m  [1mDROP DATABASE IF EXISTS "pronosticos_dashboard-development"[0m
  [1m[35m (0.2ms)[0m  DROP DATABASE IF EXISTS "pronosticos_dashboard-development"
  [1m[36m (249.5ms)[0m  [1mCREATE DATABASE "pronosticos_dashboard-development" ENCODING = 'utf8'[0m
  [1m[35m (0.4ms)[0m  CREATE DATABASE "pronosticos_dashboard-development" ENCODING = 'utf8'
PG::DuplicateDatabase: ERROR:  database "pronosticos_dashboard-development" already exists
: CREATE DATABASE "pronosticos_dashboard-development" ENCODING = 'utf8'
  [1m[36mSQL (0.4ms)[0m  [1mCREATE EXTENSION IF NOT EXISTS "plpgsql"[0m
  [1m[35mSQL (0.2ms)[0m  CREATE EXTENSION IF NOT EXISTS "hstore"
  [1m[36m (4.4ms)[0m  [1mCREATE TABLE "games" ("id" serial primary key, "sales_id" integer, "name" character varying(255), "units" integer, "total" float) [0m
  [1m[35m (2.0ms)[0m  CREATE TABLE "sales" ("id" serial primary key, "agency" character varying(255), "date" date, "to_pay_subtotal" float, "payments_number" integer, "payments_amount" float, "cancelled_number" integer, "cancelled_amount" float, "commission" float, "to_pay_total" float) 
  [1m[36m (1.1ms)[0m  [1mCREATE UNIQUE INDEX  "index_sales_on_agency_and_date" ON "sales" USING btree ("agency", "date")[0m
  [1m[35m (1.1ms)[0m  CREATE TABLE "schema_migrations" ("version" character varying(255) NOT NULL) 
  [1m[36m (1.1ms)[0m  [1mCREATE UNIQUE INDEX  "unique_schema_migrations" ON "schema_migrations"  ("version")[0m
  [1m[35m (0.6ms)[0m  SELECT version FROM "schema_migrations"
  [1m[36m (1.0ms)[0m  [1mINSERT INTO "schema_migrations" (version) VALUES ('2')[0m
  [1m[35m (0.6ms)[0m  INSERT INTO "schema_migrations" (version) VALUES ('1')
  [1m[36mActiveRecord::SchemaMigration Load (0.4ms)[0m  [1mSELECT "schema_migrations".* FROM "schema_migrations"[0m
  [1m[36mActiveRecord::SchemaMigration Load (0.4ms)[0m  [1mSELECT "schema_migrations".* FROM "schema_migrations"[0m
  [1m[35mActiveRecord::SchemaMigration Load (0.3ms)[0m  SELECT "schema_migrations".* FROM "schema_migrations"
  [1m[36m (120.8ms)[0m  [1mDROP DATABASE IF EXISTS "pronosticos_dashboard-development"[0m
  [1m[35m (0.2ms)[0m  DROP DATABASE IF EXISTS "pronosticos_dashboard-development"
  [1m[36m (243.0ms)[0m  [1mCREATE DATABASE "pronosticos_dashboard-development" ENCODING = 'utf8'[0m
  [1m[35m (0.4ms)[0m  CREATE DATABASE "pronosticos_dashboard-development" ENCODING = 'utf8'
PG::DuplicateDatabase: ERROR:  database "pronosticos_dashboard-development" already exists
: CREATE DATABASE "pronosticos_dashboard-development" ENCODING = 'utf8'
  [1m[36mSQL (0.4ms)[0m  [1mCREATE EXTENSION IF NOT EXISTS "plpgsql"[0m
  [1m[35mSQL (0.2ms)[0m  CREATE EXTENSION IF NOT EXISTS "hstore"
  [1m[36m (3.7ms)[0m  [1mCREATE TABLE "games" ("id" serial primary key, "sales_id" integer, "name" character varying(255), "units" integer, "total" float) [0m
  [1m[35m (2.6ms)[0m  CREATE TABLE "sales" ("id" serial primary key, "agency" character varying(255), "date" date, "to_pay_subtotal" float, "payments_number" integer, "payments_amount" float, "cancelled_number" integer, "cancelled_amount" float, "commission" float, "to_pay_total" float) 
  [1m[36m (1.2ms)[0m  [1mCREATE UNIQUE INDEX  "index_sales_on_agency_and_date" ON "sales" USING btree ("agency", "date")[0m
  [1m[35m (4.8ms)[0m  CREATE TABLE "schema_migrations" ("version" character varying(255) NOT NULL) 
  [1m[36m (1.5ms)[0m  [1mCREATE UNIQUE INDEX  "unique_schema_migrations" ON "schema_migrations"  ("version")[0m
  [1m[35m (0.4ms)[0m  SELECT version FROM "schema_migrations"
  [1m[36m (0.5ms)[0m  [1mINSERT INTO "schema_migrations" (version) VALUES ('2')[0m
  [1m[35m (0.4ms)[0m  INSERT INTO "schema_migrations" (version) VALUES ('1')
  [1m[36mActiveRecord::SchemaMigration Load (0.3ms)[0m  [1mSELECT "schema_migrations".* FROM "schema_migrations"[0m
  [1m[36m (120.8ms)[0m  [1mDROP DATABASE IF EXISTS "pronosticos_dashboard-development"[0m
  [1m[35m (0.3ms)[0m  DROP DATABASE IF EXISTS "pronosticos_dashboard-development"
  [1m[36m (240.9ms)[0m  [1mCREATE DATABASE "pronosticos_dashboard-development" ENCODING = 'utf8'[0m
  [1m[35m (0.5ms)[0m  CREATE DATABASE "pronosticos_dashboard-development" ENCODING = 'utf8'
PG::DuplicateDatabase: ERROR:  database "pronosticos_dashboard-development" already exists
: CREATE DATABASE "pronosticos_dashboard-development" ENCODING = 'utf8'
  [1m[36mSQL (0.4ms)[0m  [1mCREATE EXTENSION IF NOT EXISTS "plpgsql"[0m
  [1m[35mSQL (0.3ms)[0m  CREATE EXTENSION IF NOT EXISTS "hstore"
  [1m[36m (4.0ms)[0m  [1mCREATE TABLE "games" ("id" serial primary key, "sales_id" integer, "name" character varying(255), "units" integer, "total" float) [0m
  [1m[35m (2.8ms)[0m  CREATE TABLE "sales" ("id" serial primary key, "agency" character varying(255), "date" date, "to_pay_subtotal" float, "payments_number" integer, "payments_amount" float, "cancelled_number" integer, "cancelled_amount" float, "commission" float, "to_pay_total" float) 
  [1m[36m (1.6ms)[0m  [1mCREATE UNIQUE INDEX  "index_sales_on_agency_and_date" ON "sales" USING btree ("agency", "date")[0m
  [1m[35m (1.2ms)[0m  CREATE TABLE "schema_migrations" ("version" character varying(255) NOT NULL) 
  [1m[36m (0.9ms)[0m  [1mCREATE UNIQUE INDEX  "unique_schema_migrations" ON "schema_migrations"  ("version")[0m
  [1m[35m (0.4ms)[0m  SELECT version FROM "schema_migrations"
  [1m[36m (0.5ms)[0m  [1mINSERT INTO "schema_migrations" (version) VALUES ('2')[0m
  [1m[35m (0.5ms)[0m  INSERT INTO "schema_migrations" (version) VALUES ('1')
  [1m[36mActiveRecord::SchemaMigration Load (0.3ms)[0m  [1mSELECT "schema_migrations".* FROM "schema_migrations"[0m
  [1m[36m (0.4ms)[0m  [1mCREATE DATABASE "pronosticos_dashboard-development" ENCODING = 'utf8'[0m
PG::DuplicateDatabase: ERROR:  database "pronosticos_dashboard-development" already exists
: CREATE DATABASE "pronosticos_dashboard-development" ENCODING = 'utf8'
  [1m[35m (0.4ms)[0m  CREATE DATABASE "pronosticos_dashboard-development" ENCODING = 'utf8'
PG::DuplicateDatabase: ERROR:  database "pronosticos_dashboard-development" already exists
: CREATE DATABASE "pronosticos_dashboard-development" ENCODING = 'utf8'
  [1m[36mSQL (0.3ms)[0m  [1mCREATE EXTENSION IF NOT EXISTS "plpgsql"[0m
  [1m[35mSQL (0.2ms)[0m  CREATE EXTENSION IF NOT EXISTS "hstore"
  [1m[36m (10.6ms)[0m  [1mDROP TABLE "games"[0m
  [1m[35m (3.9ms)[0m  CREATE TABLE "games" ("id" serial primary key, "sales_id" integer, "name" character varying(255), "units" integer, "total" float) 
  [1m[36m (1.8ms)[0m  [1mDROP TABLE "sales"[0m
  [1m[35m (2.3ms)[0m  CREATE TABLE "sales" ("id" serial primary key, "agency" character varying(255), "date" date, "to_pay_subtotal" float, "payments_number" integer, "payments_amount" float, "cancelled_number" integer, "cancelled_amount" float, "commission" float, "to_pay_total" float) 
  [1m[36m (1.1ms)[0m  [1mCREATE UNIQUE INDEX  "index_sales_on_agency_and_date" ON "sales" USING btree ("agency", "date")[0m
  [1m[35m (0.4ms)[0m  SELECT version FROM "schema_migrations"
  [1m[36mActiveRecord::SchemaMigration Load (0.3ms)[0m  [1mSELECT "schema_migrations".* FROM "schema_migrations"[0m
  [1m[36m (121.0ms)[0m  [1mDROP DATABASE IF EXISTS "pronosticos_dashboard-development"[0m
  [1m[35m (0.2ms)[0m  DROP DATABASE IF EXISTS "pronosticos_dashboard-development"
  [1m[36m (238.4ms)[0m  [1mCREATE DATABASE "pronosticos_dashboard-development" ENCODING = 'utf8'[0m
  [1m[35m (0.4ms)[0m  CREATE DATABASE "pronosticos_dashboard-development" ENCODING = 'utf8'
PG::DuplicateDatabase: ERROR:  database "pronosticos_dashboard-development" already exists
: CREATE DATABASE "pronosticos_dashboard-development" ENCODING = 'utf8'
  [1m[36mSQL (0.4ms)[0m  [1mCREATE EXTENSION IF NOT EXISTS "plpgsql"[0m
  [1m[35mSQL (0.3ms)[0m  CREATE EXTENSION IF NOT EXISTS "hstore"
  [1m[36m (4.3ms)[0m  [1mCREATE TABLE "games" ("id" serial primary key, "sales_id" integer, "name" character varying(255), "units" integer, "total" float) [0m
  [1m[35m (2.6ms)[0m  CREATE TABLE "sales" ("id" serial primary key, "agency" character varying(255), "date" date, "to_pay_subtotal" float, "payments_number" integer, "payments_amount" float, "cancelled_number" integer, "cancelled_amount" float, "commission" float, "to_pay_total" float) 
  [1m[36m (1.3ms)[0m  [1mCREATE UNIQUE INDEX  "index_sales_on_agency_and_date" ON "sales" USING btree ("agency", "date")[0m
  [1m[35m (1.0ms)[0m  CREATE TABLE "schema_migrations" ("version" character varying(255) NOT NULL) 
  [1m[36m (1.0ms)[0m  [1mCREATE UNIQUE INDEX  "unique_schema_migrations" ON "schema_migrations"  ("version")[0m
  [1m[35m (0.4ms)[0m  SELECT version FROM "schema_migrations"
  [1m[36m (0.6ms)[0m  [1mINSERT INTO "schema_migrations" (version) VALUES ('2')[0m
  [1m[35m (0.5ms)[0m  INSERT INTO "schema_migrations" (version) VALUES ('1')
  [1m[36mActiveRecord::SchemaMigration Load (0.4ms)[0m  [1mSELECT "schema_migrations".* FROM "schema_migrations"[0m
  [1m[36m (120.1ms)[0m  [1mDROP DATABASE IF EXISTS "pronosticos_dashboard-development"[0m
  [1m[35m (247.6ms)[0m  CREATE DATABASE "pronosticos_dashboard-development" ENCODING = 'utf8'
  [1m[36mSQL (0.4ms)[0m  [1mCREATE EXTENSION IF NOT EXISTS "plpgsql"[0m
  [1m[35mSQL (0.2ms)[0m  CREATE EXTENSION IF NOT EXISTS "hstore"
  [1m[36m (4.1ms)[0m  [1mCREATE TABLE "games" ("id" serial primary key, "sales_id" integer, "name" character varying(255), "units" integer, "total" float) [0m
  [1m[35m (2.7ms)[0m  CREATE TABLE "sales" ("id" serial primary key, "agency" character varying(255), "date" date, "to_pay_subtotal" float, "payments_number" integer, "payments_amount" float, "cancelled_number" integer, "cancelled_amount" float, "commission" float, "to_pay_total" float) 
  [1m[36m (1.3ms)[0m  [1mCREATE UNIQUE INDEX  "index_sales_on_agency_and_date" ON "sales" USING btree ("agency", "date")[0m
  [1m[35m (0.8ms)[0m  CREATE TABLE "schema_migrations" ("version" character varying(255) NOT NULL) 
  [1m[36m (1.0ms)[0m  [1mCREATE UNIQUE INDEX  "unique_schema_migrations" ON "schema_migrations"  ("version")[0m
  [1m[35m (0.5ms)[0m  SELECT version FROM "schema_migrations"
  [1m[36m (0.8ms)[0m  [1mINSERT INTO "schema_migrations" (version) VALUES ('2')[0m
  [1m[35m (0.6ms)[0m  INSERT INTO "schema_migrations" (version) VALUES ('1')
  [1m[36m (120.9ms)[0m  [1mDROP DATABASE IF EXISTS "pronosticos_dashboard-development"[0m
  [1m[35m (248.9ms)[0m  CREATE DATABASE "pronosticos_dashboard-development" ENCODING = 'utf8'
  [1m[36mSQL (0.4ms)[0m  [1mCREATE EXTENSION IF NOT EXISTS "plpgsql"[0m
  [1m[35mSQL (0.3ms)[0m  CREATE EXTENSION IF NOT EXISTS "hstore"
  [1m[36m (3.9ms)[0m  [1mCREATE TABLE "games" ("id" serial primary key, "sales_id" integer, "name" character varying(255), "units" integer, "total" float) [0m
  [1m[35m (2.1ms)[0m  CREATE TABLE "sales" ("id" serial primary key, "agency" character varying(255), "date" date, "to_pay_subtotal" float, "payments_number" integer, "payments_amount" float, "cancelled_number" integer, "cancelled_amount" float, "commission" float, "to_pay_total" float) 
  [1m[36m (1.2ms)[0m  [1mCREATE UNIQUE INDEX  "index_sales_on_agency_and_date" ON "sales" USING btree ("agency", "date")[0m
  [1m[35m (0.9ms)[0m  CREATE TABLE "schema_migrations" ("version" character varying(255) NOT NULL) 
  [1m[36m (1.2ms)[0m  [1mCREATE UNIQUE INDEX  "unique_schema_migrations" ON "schema_migrations"  ("version")[0m
  [1m[35m (0.5ms)[0m  SELECT version FROM "schema_migrations"
  [1m[36m (0.7ms)[0m  [1mINSERT INTO "schema_migrations" (version) VALUES ('2')[0m
  [1m[35m (0.6ms)[0m  INSERT INTO "schema_migrations" (version) VALUES ('1')
  [1m[36m (121.1ms)[0m  [1mDROP DATABASE IF EXISTS "pronosticos_dashboard-development"[0m
  [1m[35m (0.2ms)[0m  DROP DATABASE IF EXISTS "pronosticos_dashboard-development"
  [1m[36m (240.6ms)[0m  [1mCREATE DATABASE "pronosticos_dashboard-development" ENCODING = 'utf8'[0m
  [1m[35m (0.4ms)[0m  CREATE DATABASE "pronosticos_dashboard-development" ENCODING = 'utf8'
PG::DuplicateDatabase: ERROR:  database "pronosticos_dashboard-development" already exists
: CREATE DATABASE "pronosticos_dashboard-development" ENCODING = 'utf8'
  [1m[36mSQL (0.4ms)[0m  [1mCREATE EXTENSION IF NOT EXISTS "plpgsql"[0m
  [1m[35mSQL (0.3ms)[0m  CREATE EXTENSION IF NOT EXISTS "hstore"
  [1m[36m (3.6ms)[0m  [1mCREATE TABLE "games" ("id" serial primary key, "sales_id" integer, "name" character varying(255), "units" integer, "total" float) [0m
  [1m[35m (2.6ms)[0m  CREATE TABLE "sales" ("id" serial primary key, "agency" character varying(255), "date" date, "to_pay_subtotal" float, "payments_number" integer, "payments_amount" float, "cancelled_number" integer, "cancelled_amount" float, "commission" float, "to_pay_total" float) 
  [1m[36m (1.1ms)[0m  [1mCREATE UNIQUE INDEX  "index_sales_on_agency_and_date" ON "sales" USING btree ("agency", "date")[0m
  [1m[35m (1.2ms)[0m  CREATE TABLE "schema_migrations" ("version" character varying(255) NOT NULL) 
  [1m[36m (1.5ms)[0m  [1mCREATE UNIQUE INDEX  "unique_schema_migrations" ON "schema_migrations"  ("version")[0m
  [1m[35m (0.6ms)[0m  SELECT version FROM "schema_migrations"
  [1m[36m (0.9ms)[0m  [1mINSERT INTO "schema_migrations" (version) VALUES ('2')[0m
  [1m[35m (0.6ms)[0m  INSERT INTO "schema_migrations" (version) VALUES ('1')
  [1m[36mActiveRecord::SchemaMigration Load (0.3ms)[0m  [1mSELECT "schema_migrations".* FROM "schema_migrations"[0m
  [1m[36m (123.1ms)[0m  [1mDROP DATABASE IF EXISTS "pronosticos_dashboard-development"[0m
  [1m[35m (0.3ms)[0m  DROP DATABASE IF EXISTS "pronosticos_dashboard-development"
  [1m[36m (0.2ms)[0m  [1mDROP DATABASE IF EXISTS "pronosticos_dashboard-development"[0m
  [1m[35m (0.3ms)[0m  DROP DATABASE IF EXISTS "pronosticos_dashboard-development"
  [1m[36m (0.1ms)[0m  [1mDROP DATABASE IF EXISTS "pronosticos_dashboard-development"[0m
  [1m[35m (120.9ms)[0m  DROP DATABASE IF EXISTS "pronosticos_dashboard-test"
  [1m[36m (242.7ms)[0m  [1mCREATE DATABASE "pronosticos_dashboard-development" ENCODING = 'utf8'[0m
  [1m[35m (246.3ms)[0m  CREATE DATABASE "pronosticos_dashboard-test" ENCODING = 'utf8'
  [1m[36mSQL (0.4ms)[0m  [1mCREATE EXTENSION IF NOT EXISTS "plpgsql"[0m
  [1m[35mSQL (0.2ms)[0m  CREATE EXTENSION IF NOT EXISTS "hstore"
  [1m[36m (4.2ms)[0m  [1mCREATE TABLE "games" ("id" serial primary key, "sales_id" integer, "name" character varying(255), "units" integer, "total" float) [0m
  [1m[35m (2.5ms)[0m  CREATE TABLE "sales" ("id" serial primary key, "agency" character varying(255), "date" date, "to_pay_subtotal" float, "payments_number" integer, "payments_amount" float, "cancelled_number" integer, "cancelled_amount" float, "commission" float, "to_pay_total" float) 
  [1m[36m (1.5ms)[0m  [1mCREATE UNIQUE INDEX  "index_sales_on_agency_and_date" ON "sales" USING btree ("agency", "date")[0m
  [1m[35m (1.1ms)[0m  CREATE TABLE "schema_migrations" ("version" character varying(255) NOT NULL) 
  [1m[36m (1.5ms)[0m  [1mCREATE UNIQUE INDEX  "unique_schema_migrations" ON "schema_migrations"  ("version")[0m
  [1m[35m (0.5ms)[0m  SELECT version FROM "schema_migrations"
  [1m[36m (0.7ms)[0m  [1mINSERT INTO "schema_migrations" (version) VALUES ('2')[0m
  [1m[35m (0.6ms)[0m  INSERT INTO "schema_migrations" (version) VALUES ('1')
  [1m[36mActiveRecord::SchemaMigration Load (0.3ms)[0m  [1mSELECT "schema_migrations".* FROM "schema_migrations"[0m
  [1m[36m (0.4ms)[0m  [1mCREATE DATABASE "pronosticos_dashboard-development" ENCODING = 'utf8'[0m
PG::DuplicateDatabase: ERROR:  database "pronosticos_dashboard-development" already exists
: CREATE DATABASE "pronosticos_dashboard-development" ENCODING = 'utf8'
  [1m[35m (0.3ms)[0m  CREATE DATABASE "pronosticos_dashboard-test" ENCODING = 'utf8'
PG::DuplicateDatabase: ERROR:  database "pronosticos_dashboard-test" already exists
: CREATE DATABASE "pronosticos_dashboard-test" ENCODING = 'utf8'
  [1m[36mSQL (0.3ms)[0m  [1mCREATE EXTENSION IF NOT EXISTS "plpgsql"[0m
  [1m[35mSQL (0.2ms)[0m  CREATE EXTENSION IF NOT EXISTS "hstore"
  [1m[36m (9.8ms)[0m  [1mDROP TABLE "games"[0m
  [1m[35m (3.4ms)[0m  CREATE TABLE "games" ("id" serial primary key, "sales_id" integer, "name" character varying(255), "units" integer, "total" float) 
  [1m[36m (1.2ms)[0m  [1mDROP TABLE "sales"[0m
  [1m[35m (1.9ms)[0m  CREATE TABLE "sales" ("id" serial primary key, "agency" character varying(255), "date" date, "to_pay_subtotal" float, "payments_number" integer, "payments_amount" float, "cancelled_number" integer, "cancelled_amount" float, "commission" float, "to_pay_total" float) 
  [1m[36m (1.2ms)[0m  [1mCREATE UNIQUE INDEX  "index_sales_on_agency_and_date" ON "sales" USING btree ("agency", "date")[0m
  [1m[35m (0.4ms)[0m  SELECT version FROM "schema_migrations"
  [1m[36mActiveRecord::SchemaMigration Load (0.3ms)[0m  [1mSELECT "schema_migrations".* FROM "schema_migrations"[0m
  [1m[36m (123.0ms)[0m  [1mDROP DATABASE IF EXISTS "pronosticos_dashboard-test"[0m
  [1m[35m (257.8ms)[0m  CREATE DATABASE "pronosticos_dashboard-test" ENCODING = 'utf8'
  [1m[36mSQL (0.4ms)[0m  [1mCREATE EXTENSION IF NOT EXISTS "plpgsql"[0m
  [1m[35mSQL (0.3ms)[0m  CREATE EXTENSION IF NOT EXISTS "hstore"
  [1m[36m (4.5ms)[0m  [1mCREATE TABLE "games" ("id" serial primary key, "sales_id" integer, "name" character varying(255), "units" integer, "total" float) [0m
  [1m[35m (2.2ms)[0m  CREATE TABLE "sales" ("id" serial primary key, "agency" character varying(255), "date" date, "to_pay_subtotal" float, "payments_number" integer, "payments_amount" float, "cancelled_number" integer, "cancelled_amount" float, "commission" float, "to_pay_total" float) 
  [1m[36m (1.3ms)[0m  [1mCREATE UNIQUE INDEX  "index_sales_on_agency_and_date" ON "sales" USING btree ("agency", "date")[0m
  [1m[35m (1.2ms)[0m  CREATE TABLE "schema_migrations" ("version" character varying(255) NOT NULL) 
  [1m[36m (1.2ms)[0m  [1mCREATE UNIQUE INDEX  "unique_schema_migrations" ON "schema_migrations"  ("version")[0m
  [1m[35m (0.5ms)[0m  SELECT version FROM "schema_migrations"
  [1m[36m (0.7ms)[0m  [1mINSERT INTO "schema_migrations" (version) VALUES ('2')[0m
  [1m[35m (0.6ms)[0m  INSERT INTO "schema_migrations" (version) VALUES ('1')
  [1m[36m (122.4ms)[0m  [1mDROP DATABASE IF EXISTS "pronosticos_dashboard-test"[0m
  [1m[35m (255.5ms)[0m  CREATE DATABASE "pronosticos_dashboard-test" ENCODING = 'utf8'
  [1m[36mSQL (0.4ms)[0m  [1mCREATE EXTENSION IF NOT EXISTS "plpgsql"[0m
  [1m[35mSQL (0.2ms)[0m  CREATE EXTENSION IF NOT EXISTS "hstore"
  [1m[36m (5.9ms)[0m  [1mCREATE TABLE "games" ("id" serial primary key, "sales_id" integer, "name" character varying(255), "units" integer, "total" float) [0m
  [1m[35m (3.1ms)[0m  CREATE TABLE "sales" ("id" serial primary key, "agency" character varying(255), "date" date, "to_pay_subtotal" float, "payments_number" integer, "payments_amount" float, "cancelled_number" integer, "cancelled_amount" float, "commission" float, "to_pay_total" float) 
  [1m[36m (1.5ms)[0m  [1mCREATE UNIQUE INDEX  "index_sales_on_agency_and_date" ON "sales" USING btree ("agency", "date")[0m
  [1m[35m (1.1ms)[0m  CREATE TABLE "schema_migrations" ("version" character varying(255) NOT NULL) 
  [1m[36m (0.9ms)[0m  [1mCREATE UNIQUE INDEX  "unique_schema_migrations" ON "schema_migrations"  ("version")[0m
  [1m[35m (0.3ms)[0m  SELECT version FROM "schema_migrations"
  [1m[36m (0.5ms)[0m  [1mINSERT INTO "schema_migrations" (version) VALUES ('2')[0m
  [1m[35m (0.5ms)[0m  INSERT INTO "schema_migrations" (version) VALUES ('1')
  [1m[36m (125.5ms)[0m  [1mDROP DATABASE IF EXISTS "pronosticos_dashboard-test"[0m
  [1m[35m (258.0ms)[0m  CREATE DATABASE "pronosticos_dashboard-test" ENCODING = 'utf8'
  [1m[36mSQL (0.4ms)[0m  [1mCREATE EXTENSION IF NOT EXISTS "plpgsql"[0m
  [1m[35mSQL (0.3ms)[0m  CREATE EXTENSION IF NOT EXISTS "hstore"
  [1m[36m (4.7ms)[0m  [1mCREATE TABLE "games" ("id" serial primary key, "sales_id" integer, "name" character varying(255), "units" integer, "total" float) [0m
  [1m[35m (2.6ms)[0m  CREATE TABLE "sales" ("id" serial primary key, "agency" character varying(255), "date" date, "to_pay_subtotal" float, "payments_number" integer, "payments_amount" float, "cancelled_number" integer, "cancelled_amount" float, "commission" float, "to_pay_total" float) 
  [1m[36m (1.2ms)[0m  [1mCREATE UNIQUE INDEX  "index_sales_on_agency_and_date" ON "sales" USING btree ("agency", "date")[0m
  [1m[35m (1.1ms)[0m  CREATE TABLE "schema_migrations" ("version" character varying(255) NOT NULL) 
  [1m[36m (1.2ms)[0m  [1mCREATE UNIQUE INDEX  "unique_schema_migrations" ON "schema_migrations"  ("version")[0m
  [1m[35m (0.5ms)[0m  SELECT version FROM "schema_migrations"
  [1m[36m (0.7ms)[0m  [1mINSERT INTO "schema_migrations" (version) VALUES ('2')[0m
  [1m[35m (0.6ms)[0m  INSERT INTO "schema_migrations" (version) VALUES ('1')
  [1m[36m (120.8ms)[0m  [1mDROP DATABASE IF EXISTS "pronosticos_dashboard-test"[0m
  [1m[35m (252.6ms)[0m  CREATE DATABASE "pronosticos_dashboard-test" ENCODING = 'utf8'
  [1m[36mSQL (0.4ms)[0m  [1mCREATE EXTENSION IF NOT EXISTS "plpgsql"[0m
  [1m[35mSQL (0.2ms)[0m  CREATE EXTENSION IF NOT EXISTS "hstore"
  [1m[36m (3.6ms)[0m  [1mCREATE TABLE "games" ("id" serial primary key, "sales_id" integer, "name" character varying(255), "units" integer, "total" float) [0m
  [1m[35m (2.6ms)[0m  CREATE TABLE "sales" ("id" serial primary key, "agency" character varying(255), "date" date, "to_pay_subtotal" float, "payments_number" integer, "payments_amount" float, "cancelled_number" integer, "cancelled_amount" float, "commission" float, "to_pay_total" float) 
  [1m[36m (1.2ms)[0m  [1mCREATE UNIQUE INDEX  "index_sales_on_agency_and_date" ON "sales" USING btree ("agency", "date")[0m
  [1m[35m (0.8ms)[0m  CREATE TABLE "schema_migrations" ("version" character varying(255) NOT NULL) 
  [1m[36m (1.2ms)[0m  [1mCREATE UNIQUE INDEX  "unique_schema_migrations" ON "schema_migrations"  ("version")[0m
  [1m[35m (0.4ms)[0m  SELECT version FROM "schema_migrations"
  [1m[36m (0.7ms)[0m  [1mINSERT INTO "schema_migrations" (version) VALUES ('2')[0m
  [1m[35m (0.6ms)[0m  INSERT INTO "schema_migrations" (version) VALUES ('1')
  [1m[36m (0.4ms)[0m  [1mCREATE DATABASE "pronosticos_dashboard-development" ENCODING = 'utf8'[0m
PG::DuplicateDatabase: ERROR:  database "pronosticos_dashboard-development" already exists
: CREATE DATABASE "pronosticos_dashboard-development" ENCODING = 'utf8'
  [1m[35m (0.4ms)[0m  CREATE DATABASE "pronosticos_dashboard-test" ENCODING = 'utf8'
PG::DuplicateDatabase: ERROR:  database "pronosticos_dashboard-test" already exists
: CREATE DATABASE "pronosticos_dashboard-test" ENCODING = 'utf8'
  [1m[36mActiveRecord::SchemaMigration Load (0.5ms)[0m  [1mSELECT "schema_migrations".* FROM "schema_migrations"[0m
  [1m[35mActiveRecord::SchemaMigration Load (0.3ms)[0m  SELECT "schema_migrations".* FROM "schema_migrations"
  [1m[36m (121.8ms)[0m  [1mDROP DATABASE IF EXISTS "pronosticos_dashboard-test"[0m
  [1m[35m (245.2ms)[0m  CREATE DATABASE "pronosticos_dashboard-test" ENCODING = 'utf8'
  [1m[36mSQL (0.4ms)[0m  [1mCREATE EXTENSION IF NOT EXISTS "plpgsql"[0m
  [1m[35mSQL (0.2ms)[0m  CREATE EXTENSION IF NOT EXISTS "hstore"
  [1m[36m (4.3ms)[0m  [1mCREATE TABLE "games" ("id" serial primary key, "sales_id" integer, "name" character varying(255), "units" integer, "total" float) [0m
  [1m[35m (2.1ms)[0m  CREATE TABLE "sales" ("id" serial primary key, "agency" character varying(255), "date" date, "to_pay_subtotal" float, "payments_number" integer, "payments_amount" float, "cancelled_number" integer, "cancelled_amount" float, "commission" float, "to_pay_total" float) 
  [1m[36m (1.2ms)[0m  [1mCREATE UNIQUE INDEX  "index_sales_on_agency_and_date" ON "sales" USING btree ("agency", "date")[0m
  [1m[35m (1.0ms)[0m  CREATE TABLE "schema_migrations" ("version" character varying(255) NOT NULL) 
  [1m[36m (1.1ms)[0m  [1mCREATE UNIQUE INDEX  "unique_schema_migrations" ON "schema_migrations"  ("version")[0m
  [1m[35m (0.4ms)[0m  SELECT version FROM "schema_migrations"
  [1m[36m (0.6ms)[0m  [1mINSERT INTO "schema_migrations" (version) VALUES ('2')[0m
  [1m[35m (0.6ms)[0m  INSERT INTO "schema_migrations" (version) VALUES ('1')
  [1m[36m (123.1ms)[0m  [1mDROP DATABASE IF EXISTS "pronosticos_dashboard-development"[0m
  [1m[35m (121.8ms)[0m  DROP DATABASE IF EXISTS "pronosticos_dashboard-test"
  [1m[36m (239.8ms)[0m  [1mCREATE DATABASE "pronosticos_dashboard-development" ENCODING = 'utf8'[0m
  [1m[35m (239.8ms)[0m  CREATE DATABASE "pronosticos_dashboard-test" ENCODING = 'utf8'
  [1m[36m (10.1ms)[0m  [1mCREATE TABLE "schema_migrations" ("version" character varying(255) NOT NULL) [0m
  [1m[35m (1.7ms)[0m  CREATE UNIQUE INDEX  "unique_schema_migrations" ON "schema_migrations"  ("version")
  [1m[36mActiveRecord::SchemaMigration Load (0.5ms)[0m  [1mSELECT "schema_migrations".* FROM "schema_migrations"[0m
Migrating to CreateSales (1)
  [1m[35m (0.1ms)[0m  BEGIN
  [1m[36m (2.6ms)[0m  [1mCREATE TABLE "sales" ("id" serial primary key, "agency" character varying(255), "date" date, "to_pay_subtotal" float, "payments_number" integer, "payments_amount" float, "cancelled_number" integer, "cancelled_amount" float, "commission" float, "to_pay_total" float) [0m
  [1m[35m (1.1ms)[0m  CREATE UNIQUE INDEX  "index_sales_on_agency_and_date" ON "sales"  ("agency", "date")
  [1m[36mSQL (0.5ms)[0m  [1mINSERT INTO "schema_migrations" ("version") VALUES ($1)[0m  [["version", "1"]]
  [1m[35m (0.6ms)[0m  COMMIT
Migrating to CreateGames (2)
  [1m[36m (0.4ms)[0m  [1mBEGIN[0m
  [1m[35m (2.2ms)[0m  CREATE TABLE "games" ("id" serial primary key, "sale_id" integer, "name" character varying(255), "units" integer, "total" float) 
  [1m[36mSQL (0.3ms)[0m  [1mINSERT INTO "schema_migrations" ("version") VALUES ($1)[0m  [["version", "2"]]
  [1m[35m (0.5ms)[0m  COMMIT
  [1m[36mActiveRecord::SchemaMigration Load (0.3ms)[0m  [1mSELECT "schema_migrations".* FROM "schema_migrations"[0m
  [1m[36m (123.6ms)[0m  [1mDROP DATABASE IF EXISTS "pronosticos_dashboard-test"[0m
  [1m[35m (259.6ms)[0m  CREATE DATABASE "pronosticos_dashboard-test" ENCODING = 'utf8'
  [1m[36mSQL (0.5ms)[0m  [1mCREATE EXTENSION IF NOT EXISTS "plpgsql"[0m
  [1m[35mSQL (0.3ms)[0m  CREATE EXTENSION IF NOT EXISTS "hstore"
  [1m[36m (4.0ms)[0m  [1mCREATE TABLE "games" ("id" serial primary key, "sale_id" integer, "name" character varying(255), "units" integer, "total" float) [0m
  [1m[35m (2.5ms)[0m  CREATE TABLE "sales" ("id" serial primary key, "agency" character varying(255), "date" date, "to_pay_subtotal" float, "payments_number" integer, "payments_amount" float, "cancelled_number" integer, "cancelled_amount" float, "commission" float, "to_pay_total" float) 
  [1m[36m (1.1ms)[0m  [1mCREATE UNIQUE INDEX  "index_sales_on_agency_and_date" ON "sales" USING btree ("agency", "date")[0m
  [1m[35m (0.9ms)[0m  CREATE TABLE "schema_migrations" ("version" character varying(255) NOT NULL) 
  [1m[36m (1.0ms)[0m  [1mCREATE UNIQUE INDEX  "unique_schema_migrations" ON "schema_migrations"  ("version")[0m
  [1m[35m (0.4ms)[0m  SELECT version FROM "schema_migrations"
  [1m[36m (0.5ms)[0m  [1mINSERT INTO "schema_migrations" (version) VALUES ('2')[0m
  [1m[35m (0.5ms)[0m  INSERT INTO "schema_migrations" (version) VALUES ('1')
  [1m[36m (123.8ms)[0m  [1mDROP DATABASE IF EXISTS "pronosticos_dashboard-development"[0m
  [1m[35m (125.1ms)[0m  DROP DATABASE IF EXISTS "pronosticos_dashboard-test"
  [1m[36m (239.9ms)[0m  [1mCREATE DATABASE "pronosticos_dashboard-development" ENCODING = 'utf8'[0m
  [1m[35m (248.7ms)[0m  CREATE DATABASE "pronosticos_dashboard-test" ENCODING = 'utf8'
  [1m[36mSQL (0.4ms)[0m  [1mCREATE EXTENSION IF NOT EXISTS "plpgsql"[0m
  [1m[35mSQL (0.3ms)[0m  CREATE EXTENSION IF NOT EXISTS "hstore"
  [1m[36m (4.1ms)[0m  [1mCREATE TABLE "games" ("id" serial primary key, "sale_id" integer, "name" character varying(255), "units" integer, "total" float) [0m
  [1m[35m (2.7ms)[0m  CREATE TABLE "sales" ("id" serial primary key, "agency" character varying(255), "date" date, "to_pay_subtotal" float, "payments_number" integer, "payments_amount" float, "cancelled_number" integer, "cancelled_amount" float, "commission" float, "to_pay_total" float) 
  [1m[36m (1.4ms)[0m  [1mCREATE UNIQUE INDEX  "index_sales_on_agency_and_date" ON "sales" USING btree ("agency", "date")[0m
  [1m[35m (1.1ms)[0m  CREATE TABLE "schema_migrations" ("version" character varying(255) NOT NULL) 
  [1m[36m (1.2ms)[0m  [1mCREATE UNIQUE INDEX  "unique_schema_migrations" ON "schema_migrations"  ("version")[0m
  [1m[35m (0.5ms)[0m  SELECT version FROM "schema_migrations"
  [1m[36m (0.5ms)[0m  [1mINSERT INTO "schema_migrations" (version) VALUES ('2')[0m
  [1m[35m (0.6ms)[0m  INSERT INTO "schema_migrations" (version) VALUES ('1')
  [1m[36mActiveRecord::SchemaMigration Load (0.5ms)[0m  [1mSELECT "schema_migrations".* FROM "schema_migrations"[0m
  [1m[36m (119.8ms)[0m  [1mDROP DATABASE IF EXISTS "pronosticos_dashboard-test"[0m
  [1m[35m (238.2ms)[0m  CREATE DATABASE "pronosticos_dashboard-test" ENCODING = 'utf8'
  [1m[36mSQL (0.4ms)[0m  [1mCREATE EXTENSION IF NOT EXISTS "plpgsql"[0m
  [1m[35mSQL (0.2ms)[0m  CREATE EXTENSION IF NOT EXISTS "hstore"
  [1m[36m (4.2ms)[0m  [1mCREATE TABLE "games" ("id" serial primary key, "sale_id" integer, "name" character varying(255), "units" integer, "total" float) [0m
  [1m[35m (2.5ms)[0m  CREATE TABLE "sales" ("id" serial primary key, "agency" character varying(255), "date" date, "to_pay_subtotal" float, "payments_number" integer, "payments_amount" float, "cancelled_number" integer, "cancelled_amount" float, "commission" float, "to_pay_total" float) 
  [1m[36m (1.2ms)[0m  [1mCREATE UNIQUE INDEX  "index_sales_on_agency_and_date" ON "sales" USING btree ("agency", "date")[0m
  [1m[35m (0.9ms)[0m  CREATE TABLE "schema_migrations" ("version" character varying(255) NOT NULL) 
  [1m[36m (1.3ms)[0m  [1mCREATE UNIQUE INDEX  "unique_schema_migrations" ON "schema_migrations"  ("version")[0m
  [1m[35m (0.5ms)[0m  SELECT version FROM "schema_migrations"
  [1m[36m (0.6ms)[0m  [1mINSERT INTO "schema_migrations" (version) VALUES ('2')[0m
  [1m[35m (0.6ms)[0m  INSERT INTO "schema_migrations" (version) VALUES ('1')
